<?xml version="1.0" encoding="UTF-8"?>
<coverage generated="1529897024783" clover="3.2.0">
  <project timestamp="1529897024783" name="All files">
    <metrics statements="73" coveredstatements="67" conditionals="42" coveredconditionals="23" methods="32" coveredmethods="25" elements="147" coveredelements="115" complexity="0" loc="73" ncloc="73" packages="1" files="3" classes="3">
      <file name="App.tsx" path="/Users/vincent/Desktop/projects/udemy-react-TDD/react_tdd/giftgiver/src/client/components/App.tsx">
        <metrics statements="32" coveredstatements="30" conditionals="15" coveredconditionals="8" methods="13" coveredmethods="10"/>
        <line num="2" count="1" type="cond" truecount="3" falsecount="0"/>
        <line num="3" count="1" type="cond" truecount="1" falsecount="3"/>
        <line num="4" count="0" type="stmt"/>
        <line num="5" count="0" type="cond" truecount="0" falsecount="2"/>
        <line num="6" count="1" type="stmt"/>
        <line num="7" count="1" type="stmt"/>
        <line num="8" count="1" type="stmt"/>
        <line num="9" count="1" type="cond" truecount="1" falsecount="1"/>
        <line num="12" count="1" type="stmt"/>
        <line num="13" count="1" type="stmt"/>
        <line num="14" count="1" type="stmt"/>
        <line num="15" count="1" type="stmt"/>
        <line num="16" count="1" type="stmt"/>
        <line num="17" count="1" type="stmt"/>
        <line num="19" count="1" type="cond" truecount="2" falsecount="0"/>
        <line num="20" count="1" type="stmt"/>
        <line num="21" count="4" type="stmt"/>
        <line num="22" count="4" type="stmt"/>
        <line num="23" count="4" type="cond" truecount="1" falsecount="1"/>
        <line num="24" count="4" type="stmt"/>
        <line num="25" count="4" type="stmt"/>
        <line num="27" count="1" type="stmt"/>
        <line num="28" count="1" type="stmt"/>
        <line num="29" count="1" type="stmt"/>
        <line num="31" count="1" type="stmt"/>
        <line num="32" count="1" type="stmt"/>
        <line num="34" count="1" type="stmt"/>
        <line num="35" count="10" type="stmt"/>
        <line num="36" count="10" type="stmt"/>
        <line num="40" count="4" type="stmt"/>
        <line num="44" count="1" type="stmt"/>
        <line num="46" count="1" type="stmt"/>
      </file>
      <file name="Gift.tsx" path="/Users/vincent/Desktop/projects/udemy-react-TDD/react_tdd/giftgiver/src/client/components/Gift.tsx">
        <metrics statements="24" coveredstatements="22" conditionals="13" coveredconditionals="7" methods="11" coveredmethods="9"/>
        <line num="2" count="2" type="cond" truecount="3" falsecount="0"/>
        <line num="3" count="2" type="cond" truecount="1" falsecount="3"/>
        <line num="4" count="0" type="stmt"/>
        <line num="5" count="0" type="cond" truecount="0" falsecount="2"/>
        <line num="6" count="2" type="stmt"/>
        <line num="7" count="2" type="stmt"/>
        <line num="8" count="2" type="stmt"/>
        <line num="9" count="2" type="cond" truecount="1" falsecount="1"/>
        <line num="12" count="2" type="stmt"/>
        <line num="13" count="2" type="stmt"/>
        <line num="14" count="2" type="stmt"/>
        <line num="15" count="2" type="stmt"/>
        <line num="16" count="2" type="stmt"/>
        <line num="18" count="1" type="cond" truecount="2" falsecount="0"/>
        <line num="19" count="1" type="stmt"/>
        <line num="20" count="1" type="stmt"/>
        <line num="22" count="2" type="stmt"/>
        <line num="23" count="3" type="stmt"/>
        <line num="24" count="3" type="stmt"/>
        <line num="29" count="1" type="stmt"/>
        <line num="34" count="1" type="stmt"/>
        <line num="36" count="1" type="stmt"/>
        <line num="38" count="2" type="stmt"/>
        <line num="40" count="2" type="stmt"/>
      </file>
      <file name="Hello.tsx" path="/Users/vincent/Desktop/projects/udemy-react-TDD/react_tdd/giftgiver/src/client/components/Hello.tsx">
        <metrics statements="17" coveredstatements="15" conditionals="14" coveredconditionals="8" methods="8" coveredmethods="6"/>
        <line num="2" count="1" type="cond" truecount="3" falsecount="0"/>
        <line num="3" count="1" type="cond" truecount="1" falsecount="3"/>
        <line num="4" count="0" type="stmt"/>
        <line num="5" count="0" type="cond" truecount="0" falsecount="2"/>
        <line num="6" count="1" type="stmt"/>
        <line num="7" count="1" type="stmt"/>
        <line num="8" count="1" type="stmt"/>
        <line num="9" count="1" type="cond" truecount="1" falsecount="1"/>
        <line num="12" count="1" type="stmt"/>
        <line num="13" count="1" type="stmt"/>
        <line num="14" count="1" type="stmt"/>
        <line num="15" count="1" type="stmt"/>
        <line num="17" count="1" type="cond" truecount="3" falsecount="0"/>
        <line num="19" count="1" type="stmt"/>
        <line num="20" count="1" type="stmt"/>
        <line num="22" count="1" type="stmt"/>
        <line num="24" count="1" type="stmt"/>
      </file>
    </metrics>
  </project>
</coverage>
